<?xml version="1.0" encoding="UTF-8"?>
<!-- Generated by org.testng.reporters.JUnitReportReporter -->
<testsuite hostname="LAPTOP-GI46AQ3B" failures="0" tests="2" name="trainingtech.sessions.Signkh" time="36.708" errors="0" timestamp="2024-04-28T00:48:49 EDT" skipped="0">
  <testcase classname="trainingtech.sessions.Signkh" name="f" time="20.450"/>
  <testcase classname="trainingtech.sessions.Signkh" name="CreateAnAccount" time="16.258"/>
</testsuite> <!-- trainingtech.sessions.Signkh -->
